<?xml version="1.0" encoding="UTF-8"?>
<!-- Generated by org.testng.reporters.JUnitReportReporter -->
<testsuite hostname="MIIND51N15S2" failures="0" tests="1" name="testNGDemo.GoogleTest" time="33.276" errors="0" timestamp="2022-02-25T20:36:18 IST" skipped="0">
  <testcase classname="testNGDemo.GoogleTest" name="googleTitleTest" time="33.276"/>
  <system-out/>
</testsuite> <!-- testNGDemo.GoogleTest -->
