<?xml version="1.0" encoding="UTF-8"?>
<!-- Generated by org.testng.reporters.JUnitReportReporter -->
<testsuite hostname="MIIND51N15S2" failures="0" tests="2" name="testAcademy.TestNGAnnotations" time="29.713" errors="0" timestamp="2022-02-25T20:37:29 IST" skipped="0">
  <testcase classname="testAcademy.TestNGAnnotations" name="secondTest" time="14.816"/>
  <system-out/>
  <testcase classname="testAcademy.TestNGAnnotations" name="firstTest" time="14.897"/>
  <system-out/>
</testsuite> <!-- testAcademy.TestNGAnnotations -->
