<?xml version="1.0" encoding="UTF-8"?>
<!-- Generated by org.testng.reporters.JUnitReportReporter -->
<testsuite hostname="MIIND51N15S2" failures="0" tests="3" name="com.datadriven.test.DemoSite" time="39.943" errors="0" timestamp="2022-02-10T11:16:15 IST" skipped="0">
  <testcase classname="com.datadriven.test.DemoSite" name="loginTest" time="13.056"/>
  <system-out/>
  <testcase classname="com.datadriven.test.DemoSite" name="loginTest" time="12.991"/>
  <system-out/>
  <testcase classname="com.datadriven.test.DemoSite" name="loginTest" time="13.896"/>
  <system-out/>
</testsuite> <!-- com.datadriven.test.DemoSite -->
