<?xml version="1.0" encoding="UTF-8"?>
<!-- Generated by org.testng.reporters.JUnitReportReporter -->
<testsuite hostname="MIIND51N15S2" failures="0" tests="1" name="testNGDemo.TestNGBasics" time="0.005" errors="0" timestamp="2022-01-05T15:14:01 IST" skipped="0">
  <testcase classname="testNGDemo.TestNGBasics" name="googleTitleTest" time="0.005"/>
  <system-out/>
</testsuite> <!-- testNGDemo.TestNGBasics -->
