<?xml version="1.0" encoding="UTF-8"?>
<!-- Generated by org.testng.reporters.JUnitReportReporter -->
<testsuite hostname="MIIND51N15S2" failures="0" tests="1" name="testNGDemo.TestNGTest" time="38.410" errors="0" timestamp="2022-01-05T17:32:54 IST" skipped="0">
  <testcase classname="testNGDemo.TestNGTest" name="findElementExample" time="38.410"/>
  <system-out/>
</testsuite> <!-- testNGDemo.TestNGTest -->
