<?xml version="1.0" encoding="UTF-8"?>
<!-- Generated by org.testng.reporters.JUnitReportReporter -->
<testsuite hostname="MIIND51N15S2" failures="0" tests="1" name="com.parameters.ParameterTest" time="13.528" errors="0" timestamp="2022-01-05T17:52:00 IST" skipped="0">
  <testcase classname="com.parameters.ParameterTest" name="rediffClick" time="13.528"/>
  <system-out/>
</testsuite> <!-- com.parameters.ParameterTest -->
