<?xml version="1.0" encoding="UTF-8"?>
<!-- Generated by org.testng.reporters.JUnitReportReporter -->
<testsuite hostname="MIIND51N15S2" failures="0" tests="2" name="testNGDemo.ParallelTestWithMultiThread" time="77.064" errors="0" timestamp="2022-01-08T14:39:20 IST" skipped="0">
  <testcase classname="testNGDemo.ParallelTestWithMultiThread" name="testOnChromeWithBrowserStackSignUp" time="50.786"/>
  <system-out/>
  <testcase classname="testNGDemo.ParallelTestWithMultiThread" name="testOnChromeWithBrowserStackUrl" time="26.278"/>
  <system-out/>
</testsuite> <!-- testNGDemo.ParallelTestWithMultiThread -->
